2026/04/21 11:54:41 Error loading chain: invalid character '$' looking for beginning of value, creating new...
2026/04/21 11:54:41 Wallet loaded: 37526e4e344d723367414b37776733576736534557506b6b52775372466f4b7032
2026/04/21 11:54:41 Chain height: 1 blocks
2026/04/21 11:54:41 P2P server failed: listen on :8333: listen tcp :8333: bind: address already in use
2026/04/21 11:54:41 Starting Earthion API server on port 8333...
2026/04/21 11:54:41 Endpoints:
2026/04/21 11:54:41   GET  /health              - Health check
2026/04/21 11:54:41   GET  /api/blocks          - Get all blocks
2026/04/21 11:54:41   GET  /api/blocks/:hash    - Get block by hash
2026/04/21 11:54:41   GET  /api/blocks/index/:n - Get block by index
2026/04/21 11:54:41   GET  /api/wallet/address  - Get wallet address
2026/04/21 11:54:41   GET  /api/balance/:addr   - Get balance
2026/04/21 11:54:41   GET  /api/utxo            - Get UTXO set
2026/04/21 11:54:41   GET  /api/transaction/:txid - Get transaction
2026/04/21 11:54:41   POST /api/transaction     - Create transaction
2026/04/21 11:54:41   POST /api/mine            - Mine block
2026/04/21 11:54:41   GET  /api/validate        - Validate chain
2026/04/21 11:54:41   GET  /api/stats           - Chain statistics
2026/04/21 11:54:41   GET  /api/peers           - P2P peers
2026/04/21 11:54:41   POST /api/connect         - Connect to peer
2026/04/21 11:54:41 Server failed: listen tcp :8333: bind: address already in use
